[2022-12-07T04:47:57.047264+00:00] installer.INFO: Matched route "{route}". {"route":"installer_home","route_parameters":{"_controller":"OrangeHRM\\Installer\\Controller\\HomeController::handle","_route":"installer_home"},"request_uri":"http://localhost:8003/installer/index.php/","method":"GET"} []
[2022-12-07T04:47:57.544423+00:00] installer.INFO: Matched route "{route}". {"route":"installer_welcome","route_parameters":{"_controller":"OrangeHRM\\Installer\\Controller\\WelcomeController::handle","_route":"installer_welcome"},"request_uri":"http://localhost:8003/installer/index.php/welcome","method":"GET"} []
[2022-12-07T04:48:09.419972+00:00] installer.INFO: Matched route "{route}". {"route":"installer_licence_acceptance","route_parameters":{"_controller":"OrangeHRM\\Installer\\Controller\\Installer\\LicenceAcceptanceController::handle","_route":"installer_licence_acceptance"},"request_uri":"http://localhost:8003/installer/index.php/installer/licence-acceptance","method":"GET"} []
[2022-12-07T04:48:16.405096+00:00] installer.INFO: Matched route "{route}". {"route":"installer_database_config","route_parameters":{"_controller":"OrangeHRM\\Installer\\Controller\\Installer\\DatabaseConfigController::handle","_route":"installer_database_config"},"request_uri":"http://localhost:8003/installer/index.php/installer/database-config","method":"GET"} []
[2022-12-07T04:48:16.832827+00:00] installer.INFO: Matched route "{route}". {"route":"api_installer_database_config","route_parameters":{"_controller":"OrangeHRM\\Installer\\Controller\\Installer\\Api\\DatabaseConfigAPI::handle","_route":"api_installer_database_config"},"request_uri":"http://localhost:8003/installer/index.php/installer/api/database-config","method":"GET"} []
[2022-12-07T04:49:38.865126+00:00] installer.INFO: Matched route "{route}". {"route":"api_installer_database_config","route_parameters":{"_controller":"OrangeHRM\\Installer\\Controller\\Installer\\Api\\DatabaseConfigAPI::handle","_route":"api_installer_database_config"},"request_uri":"http://localhost:8003/installer/index.php/installer/api/database-config","method":"POST"} []
[2022-12-07T04:49:40.937838+00:00] installer.INFO: Instance details: {"os":{"os":"Windows NT","release_name":"10.0","version_info":"build 19044 (Windows 10)"},"php":{"version":"8.0.20"},"mysql":{"client_version":"mysqlnd 8.0.20","server_version":"5.7.38-log","conn_type":"localhost via TCP\/IP"},"server":"PHP 8.0.20 Development Server","ohrm":{"version":"5.2"}} [] []
[2022-12-07T04:49:41.249032+00:00] installer.INFO: Matched route "{route}". {"route":"installer_system_check","route_parameters":{"_controller":"OrangeHRM\\Installer\\Controller\\Installer\\SystemCheckController::handle","_route":"installer_system_check"},"request_uri":"http://localhost:8003/installer/index.php/installer/system-check","method":"GET"} []
[2022-12-07T04:49:41.744669+00:00] installer.INFO: Matched route "{route}". {"route":"api_installer_system_check","route_parameters":{"_controller":"OrangeHRM\\Installer\\Controller\\Installer\\Api\\SystemCheckAPI::handle","_route":"api_installer_system_check"},"request_uri":"http://localhost:8003/installer/index.php/installer/api/system-check","method":"GET"} []
[2022-12-07T04:51:55.161368+00:00] installer.INFO: Matched route "{route}". {"route":"api_installer_system_check","route_parameters":{"_controller":"OrangeHRM\\Installer\\Controller\\Installer\\Api\\SystemCheckAPI::handle","_route":"api_installer_system_check"},"request_uri":"http://localhost:8003/installer/index.php/installer/api/system-check","method":"GET"} []
[2022-12-07T04:53:00.488747+00:00] installer.INFO: Matched route "{route}". {"route":"api_installer_system_check","route_parameters":{"_controller":"OrangeHRM\\Installer\\Controller\\Installer\\Api\\SystemCheckAPI::handle","_route":"api_installer_system_check"},"request_uri":"http://localhost:8003/installer/index.php/installer/api/system-check","method":"GET"} []
[2022-12-07T04:58:36.856867+00:00] installer.INFO: Matched route "{route}". {"route":"installer_instance_creation","route_parameters":{"_controller":"OrangeHRM\\Installer\\Controller\\Installer\\InstanceCreationController::handle","_route":"installer_instance_creation"},"request_uri":"http://localhost:8003/installer/index.php/installer/instance-creation","method":"GET"} []
[2022-12-07T04:58:37.896293+00:00] installer.INFO: Matched route "{route}". {"route":"api_installer_countries","route_parameters":{"_controller":"OrangeHRM\\Installer\\Controller\\Installer\\Api\\CountryAPI::handle","_route":"api_installer_countries"},"request_uri":"http://localhost:8003/installer/index.php/installer/api/countries","method":"GET"} []
[2022-12-07T04:58:38.475774+00:00] installer.INFO: Matched route "{route}". {"route":"api_installer_languages","route_parameters":{"_controller":"OrangeHRM\\Installer\\Controller\\Installer\\Api\\LanguageAPI::handle","_route":"api_installer_languages"},"request_uri":"http://localhost:8003/installer/index.php/installer/api/languages","method":"GET"} []
[2022-12-07T04:58:38.691332+00:00] installer.INFO: Matched route "{route}". {"route":"api_installer_timezones","route_parameters":{"_controller":"OrangeHRM\\Installer\\Controller\\Installer\\Api\\TimezoneAPI::handle","_route":"api_installer_timezones"},"request_uri":"http://localhost:8003/installer/index.php/installer/api/timezones","method":"GET"} []
[2022-12-07T04:58:38.814275+00:00] installer.INFO: Matched route "{route}". {"route":"api_installer_instance","route_parameters":{"_controller":"OrangeHRM\\Installer\\Controller\\Installer\\Api\\InstanceAPI::handle","_route":"api_installer_instance"},"request_uri":"http://localhost:8003/installer/index.php/installer/api/instance","method":"GET"} []
[2022-12-07T05:01:23.807101+00:00] installer.INFO: Matched route "{route}". {"route":"api_installer_instance","route_parameters":{"_controller":"OrangeHRM\\Installer\\Controller\\Installer\\Api\\InstanceAPI::handle","_route":"api_installer_instance"},"request_uri":"http://localhost:8003/installer/index.php/installer/api/instance","method":"POST"} []
[2022-12-07T05:01:23.907003+00:00] installer.INFO: Matched route "{route}". {"route":"installer_admin_user_creation","route_parameters":{"_controller":"OrangeHRM\\Installer\\Controller\\Installer\\AdminUserCreationController::handle","_route":"installer_admin_user_creation"},"request_uri":"http://localhost:8003/installer/index.php/installer/admin-user-creation","method":"GET"} []
[2022-12-07T05:01:24.543696+00:00] installer.INFO: Matched route "{route}". {"route":"api_installer_admin_user","route_parameters":{"_controller":"OrangeHRM\\Installer\\Controller\\Installer\\Api\\AdminUserAPI::handle","_route":"api_installer_admin_user"},"request_uri":"http://localhost:8003/installer/index.php/installer/api/admin-user","method":"GET"} []
[2022-12-07T05:03:06.660879+00:00] installer.INFO: Matched route "{route}". {"route":"api_installer_admin_user","route_parameters":{"_controller":"OrangeHRM\\Installer\\Controller\\Installer\\Api\\AdminUserAPI::handle","_route":"api_installer_admin_user"},"request_uri":"http://localhost:8003/installer/index.php/installer/api/admin-user","method":"POST"} []
[2022-12-07T05:03:06.716808+00:00] installer.INFO: Matched route "{route}". {"route":"installer_confirmation","route_parameters":{"_controller":"OrangeHRM\\Installer\\Controller\\Installer\\ConfirmationController::handle","_route":"installer_confirmation"},"request_uri":"http://localhost:8003/installer/index.php/installer/confirmation","method":"GET"} []
[2022-12-07T05:03:07.288245+00:00] installer.INFO: Matched route "{route}". {"route":"api_installer_database_config","route_parameters":{"_controller":"OrangeHRM\\Installer\\Controller\\Installer\\Api\\DatabaseConfigAPI::handle","_route":"api_installer_database_config"},"request_uri":"http://localhost:8003/installer/index.php/installer/api/database-config","method":"GET"} []
[2022-12-07T05:03:07.538274+00:00] installer.INFO: Matched route "{route}". {"route":"api_installer_admin_user","route_parameters":{"_controller":"OrangeHRM\\Installer\\Controller\\Installer\\Api\\AdminUserAPI::handle","_route":"api_installer_admin_user"},"request_uri":"http://localhost:8003/installer/index.php/installer/api/admin-user","method":"GET"} []
[2022-12-07T05:03:23.309636+00:00] installer.INFO: Matched route "{route}". {"route":"installer_process","route_parameters":{"_controller":"OrangeHRM\\Installer\\Controller\\Installer\\InstallerController::handle","_route":"installer_process"},"request_uri":"http://localhost:8003/installer/index.php/installer/process","method":"GET"} []
[2022-12-07T05:03:23.734050+00:00] installer.INFO: Matched route "{route}". {"route":"api_installer_start_registration","route_parameters":{"_controller":"OrangeHRM\\Installer\\Controller\\Installer\\Api\\InstallerDataRegistrationAPI::handle","_route":"api_installer_start_registration"},"request_uri":"http://localhost:8003/installer/index.php/installer/api/send-data/installer-start","method":"POST"} []
[2022-12-07T05:03:25.179347+00:00] installer.INFO: Matched route "{route}". {"route":"api_installer_database","route_parameters":{"_controller":"OrangeHRM\\Installer\\Controller\\Installer\\Api\\InstallationDatabaseAPI::handle","_route":"api_installer_database"},"request_uri":"http://localhost:8003/installer/index.php/installer/api/installation/database","method":"POST"} []
[2022-12-07T05:03:25.203269+00:00] installer.INFO: Instance details: {"os":{"os":"Windows NT","release_name":"10.0","version_info":"build 19044 (Windows 10)"},"php":{"version":"8.0.20"},"mysql":{"client_version":"mysqlnd 8.0.20","server_version":"5.7.38-log","conn_type":"localhost via TCP\/IP"},"server":"PHP 8.0.20 Development Server","ohrm":{"version":"5.2"}} [] []
[2022-12-07T05:03:25.269631+00:00] installer.INFO: Matched route "{route}". {"route":"api_installer_versions","route_parameters":{"_controller":"OrangeHRM\\Installer\\Controller\\Installer\\Api\\VersionAPI::handle","_route":"api_installer_versions"},"request_uri":"http://localhost:8003/installer/index.php/installer/api/versions?excludeLatest=false","method":"GET"} []
[2022-12-07T05:03:25.390531+00:00] installer.INFO: Matched route "{route}". {"route":"api_installer_migration","route_parameters":{"_controller":"OrangeHRM\\Installer\\Controller\\Installer\\Api\\MigrationAPI::handle","_route":"api_installer_migration"},"request_uri":"http://localhost:8003/installer/index.php/installer/api/installation/migration","method":"POST"} []
[2022-12-07T05:03:25.396129+00:00] installer.INFO: {"version":"3.3.3"} [] []
[2022-12-07T05:03:25.406424+00:00] installer.INFO: Instance details: {"os":{"os":"Windows NT","release_name":"10.0","version_info":"build 19044 (Windows 10)"},"php":{"version":"8.0.20"},"mysql":{"client_version":"mysqlnd 8.0.20","server_version":"5.7.38-log","conn_type":"localhost via TCP\/IP"},"server":"PHP 8.0.20 Development Server","ohrm":{"version":"5.2"}} [] []
[2022-12-07T05:03:48.569962+00:00] installer.INFO: Matched route "{route}". {"route":"api_installer_migration","route_parameters":{"_controller":"OrangeHRM\\Installer\\Controller\\Installer\\Api\\MigrationAPI::handle","_route":"api_installer_migration"},"request_uri":"http://localhost:8003/installer/index.php/installer/api/installation/migration","method":"POST"} []
[2022-12-07T05:03:48.575860+00:00] installer.INFO: {"version":"4.0"} [] []
[2022-12-07T05:03:48.592879+00:00] installer.INFO: Instance details: {"os":{"os":"Windows NT","release_name":"10.0","version_info":"build 19044 (Windows 10)"},"php":{"version":"8.0.20"},"mysql":{"client_version":"mysqlnd 8.0.20","server_version":"5.7.38-log","conn_type":"localhost via TCP\/IP"},"server":"PHP 8.0.20 Development Server","ohrm":{"version":"5.2"}} [] []
[2022-12-07T05:03:50.098262+00:00] installer.INFO: Matched route "{route}". {"route":"api_installer_migration","route_parameters":{"_controller":"OrangeHRM\\Installer\\Controller\\Installer\\Api\\MigrationAPI::handle","_route":"api_installer_migration"},"request_uri":"http://localhost:8003/installer/index.php/installer/api/installation/migration","method":"POST"} []
[2022-12-07T05:03:50.100201+00:00] installer.INFO: {"version":"4.1"} [] []
[2022-12-07T05:03:50.108807+00:00] installer.INFO: Instance details: {"os":{"os":"Windows NT","release_name":"10.0","version_info":"build 19044 (Windows 10)"},"php":{"version":"8.0.20"},"mysql":{"client_version":"mysqlnd 8.0.20","server_version":"5.7.38-log","conn_type":"localhost via TCP\/IP"},"server":"PHP 8.0.20 Development Server","ohrm":{"version":"5.2"}} [] []
[2022-12-07T05:03:56.989273+00:00] installer.INFO: Matched route "{route}". {"route":"api_installer_migration","route_parameters":{"_controller":"OrangeHRM\\Installer\\Controller\\Installer\\Api\\MigrationAPI::handle","_route":"api_installer_migration"},"request_uri":"http://localhost:8003/installer/index.php/installer/api/installation/migration","method":"POST"} []
[2022-12-07T05:03:56.993537+00:00] installer.INFO: {"version":"4.1.1"} [] []
[2022-12-07T05:03:57.011706+00:00] installer.INFO: Instance details: {"os":{"os":"Windows NT","release_name":"10.0","version_info":"build 19044 (Windows 10)"},"php":{"version":"8.0.20"},"mysql":{"client_version":"mysqlnd 8.0.20","server_version":"5.7.38-log","conn_type":"localhost via TCP\/IP"},"server":"PHP 8.0.20 Development Server","ohrm":{"version":"5.2"}} [] []
[2022-12-07T05:04:00.079795+00:00] installer.INFO: Matched route "{route}". {"route":"api_installer_migration","route_parameters":{"_controller":"OrangeHRM\\Installer\\Controller\\Installer\\Api\\MigrationAPI::handle","_route":"api_installer_migration"},"request_uri":"http://localhost:8003/installer/index.php/installer/api/installation/migration","method":"POST"} []
[2022-12-07T05:04:00.083329+00:00] installer.INFO: {"version":"4.1.2"} [] []
[2022-12-07T05:04:00.098580+00:00] installer.INFO: Instance details: {"os":{"os":"Windows NT","release_name":"10.0","version_info":"build 19044 (Windows 10)"},"php":{"version":"8.0.20"},"mysql":{"client_version":"mysqlnd 8.0.20","server_version":"5.7.38-log","conn_type":"localhost via TCP\/IP"},"server":"PHP 8.0.20 Development Server","ohrm":{"version":"5.2"}} [] []
[2022-12-07T05:04:01.476251+00:00] installer.INFO: Matched route "{route}". {"route":"api_installer_migration","route_parameters":{"_controller":"OrangeHRM\\Installer\\Controller\\Installer\\Api\\MigrationAPI::handle","_route":"api_installer_migration"},"request_uri":"http://localhost:8003/installer/index.php/installer/api/installation/migration","method":"POST"} []
[2022-12-07T05:04:01.477380+00:00] installer.INFO: {"version":"4.1.2.1"} [] []
[2022-12-07T05:04:01.500704+00:00] installer.INFO: Instance details: {"os":{"os":"Windows NT","release_name":"10.0","version_info":"build 19044 (Windows 10)"},"php":{"version":"8.0.20"},"mysql":{"client_version":"mysqlnd 8.0.20","server_version":"5.7.38-log","conn_type":"localhost via TCP\/IP"},"server":"PHP 8.0.20 Development Server","ohrm":{"version":"5.2"}} [] []
[2022-12-07T05:04:02.866038+00:00] installer.INFO: Matched route "{route}". {"route":"api_installer_migration","route_parameters":{"_controller":"OrangeHRM\\Installer\\Controller\\Installer\\Api\\MigrationAPI::handle","_route":"api_installer_migration"},"request_uri":"http://localhost:8003/installer/index.php/installer/api/installation/migration","method":"POST"} []
[2022-12-07T05:04:02.868717+00:00] installer.INFO: {"version":"4.2"} [] []
[2022-12-07T05:04:02.901873+00:00] installer.INFO: Instance details: {"os":{"os":"Windows NT","release_name":"10.0","version_info":"build 19044 (Windows 10)"},"php":{"version":"8.0.20"},"mysql":{"client_version":"mysqlnd 8.0.20","server_version":"5.7.38-log","conn_type":"localhost via TCP\/IP"},"server":"PHP 8.0.20 Development Server","ohrm":{"version":"5.2"}} [] []
[2022-12-07T05:04:04.554784+00:00] installer.INFO: Matched route "{route}". {"route":"api_installer_migration","route_parameters":{"_controller":"OrangeHRM\\Installer\\Controller\\Installer\\Api\\MigrationAPI::handle","_route":"api_installer_migration"},"request_uri":"http://localhost:8003/installer/index.php/installer/api/installation/migration","method":"POST"} []
[2022-12-07T05:04:04.557877+00:00] installer.INFO: {"version":"4.2.0.1"} [] []
[2022-12-07T05:04:04.574709+00:00] installer.INFO: Instance details: {"os":{"os":"Windows NT","release_name":"10.0","version_info":"build 19044 (Windows 10)"},"php":{"version":"8.0.20"},"mysql":{"client_version":"mysqlnd 8.0.20","server_version":"5.7.38-log","conn_type":"localhost via TCP\/IP"},"server":"PHP 8.0.20 Development Server","ohrm":{"version":"5.2"}} [] []
[2022-12-07T05:04:05.919547+00:00] installer.INFO: Matched route "{route}". {"route":"api_installer_migration","route_parameters":{"_controller":"OrangeHRM\\Installer\\Controller\\Installer\\Api\\MigrationAPI::handle","_route":"api_installer_migration"},"request_uri":"http://localhost:8003/installer/index.php/installer/api/installation/migration","method":"POST"} []
[2022-12-07T05:04:05.920906+00:00] installer.INFO: {"version":"4.3"} [] []
[2022-12-07T05:04:05.947520+00:00] installer.INFO: Instance details: {"os":{"os":"Windows NT","release_name":"10.0","version_info":"build 19044 (Windows 10)"},"php":{"version":"8.0.20"},"mysql":{"client_version":"mysqlnd 8.0.20","server_version":"5.7.38-log","conn_type":"localhost via TCP\/IP"},"server":"PHP 8.0.20 Development Server","ohrm":{"version":"5.2"}} [] []
[2022-12-07T05:04:07.402061+00:00] installer.INFO: Matched route "{route}". {"route":"api_installer_migration","route_parameters":{"_controller":"OrangeHRM\\Installer\\Controller\\Installer\\Api\\MigrationAPI::handle","_route":"api_installer_migration"},"request_uri":"http://localhost:8003/installer/index.php/installer/api/installation/migration","method":"POST"} []
[2022-12-07T05:04:07.405612+00:00] installer.INFO: {"version":"4.3.1"} [] []
[2022-12-07T05:04:07.419408+00:00] installer.INFO: Instance details: {"os":{"os":"Windows NT","release_name":"10.0","version_info":"build 19044 (Windows 10)"},"php":{"version":"8.0.20"},"mysql":{"client_version":"mysqlnd 8.0.20","server_version":"5.7.38-log","conn_type":"localhost via TCP\/IP"},"server":"PHP 8.0.20 Development Server","ohrm":{"version":"5.2"}} [] []
[2022-12-07T05:04:08.842171+00:00] installer.INFO: Matched route "{route}". {"route":"api_installer_migration","route_parameters":{"_controller":"OrangeHRM\\Installer\\Controller\\Installer\\Api\\MigrationAPI::handle","_route":"api_installer_migration"},"request_uri":"http://localhost:8003/installer/index.php/installer/api/installation/migration","method":"POST"} []
[2022-12-07T05:04:08.843219+00:00] installer.INFO: {"version":"4.3.2"} [] []
[2022-12-07T05:04:08.850377+00:00] installer.INFO: Instance details: {"os":{"os":"Windows NT","release_name":"10.0","version_info":"build 19044 (Windows 10)"},"php":{"version":"8.0.20"},"mysql":{"client_version":"mysqlnd 8.0.20","server_version":"5.7.38-log","conn_type":"localhost via TCP\/IP"},"server":"PHP 8.0.20 Development Server","ohrm":{"version":"5.2"}} [] []
[2022-12-07T05:04:10.437003+00:00] installer.INFO: Matched route "{route}". {"route":"api_installer_migration","route_parameters":{"_controller":"OrangeHRM\\Installer\\Controller\\Installer\\Api\\MigrationAPI::handle","_route":"api_installer_migration"},"request_uri":"http://localhost:8003/installer/index.php/installer/api/installation/migration","method":"POST"} []
[2022-12-07T05:04:10.441371+00:00] installer.INFO: {"version":"4.3.3"} [] []
[2022-12-07T05:04:10.460589+00:00] installer.INFO: Instance details: {"os":{"os":"Windows NT","release_name":"10.0","version_info":"build 19044 (Windows 10)"},"php":{"version":"8.0.20"},"mysql":{"client_version":"mysqlnd 8.0.20","server_version":"5.7.38-log","conn_type":"localhost via TCP\/IP"},"server":"PHP 8.0.20 Development Server","ohrm":{"version":"5.2"}} [] []
[2022-12-07T05:04:12.518836+00:00] installer.INFO: Matched route "{route}". {"route":"api_installer_migration","route_parameters":{"_controller":"OrangeHRM\\Installer\\Controller\\Installer\\Api\\MigrationAPI::handle","_route":"api_installer_migration"},"request_uri":"http://localhost:8003/installer/index.php/installer/api/installation/migration","method":"POST"} []
[2022-12-07T05:04:12.520015+00:00] installer.INFO: {"version":"4.3.4"} [] []
[2022-12-07T05:04:12.526768+00:00] installer.INFO: Instance details: {"os":{"os":"Windows NT","release_name":"10.0","version_info":"build 19044 (Windows 10)"},"php":{"version":"8.0.20"},"mysql":{"client_version":"mysqlnd 8.0.20","server_version":"5.7.38-log","conn_type":"localhost via TCP\/IP"},"server":"PHP 8.0.20 Development Server","ohrm":{"version":"5.2"}} [] []
[2022-12-07T05:04:13.969297+00:00] installer.INFO: Matched route "{route}". {"route":"api_installer_migration","route_parameters":{"_controller":"OrangeHRM\\Installer\\Controller\\Installer\\Api\\MigrationAPI::handle","_route":"api_installer_migration"},"request_uri":"http://localhost:8003/installer/index.php/installer/api/installation/migration","method":"POST"} []
[2022-12-07T05:04:13.972090+00:00] installer.INFO: {"version":"4.3.5"} [] []
[2022-12-07T05:04:13.986137+00:00] installer.INFO: Instance details: {"os":{"os":"Windows NT","release_name":"10.0","version_info":"build 19044 (Windows 10)"},"php":{"version":"8.0.20"},"mysql":{"client_version":"mysqlnd 8.0.20","server_version":"5.7.38-log","conn_type":"localhost via TCP\/IP"},"server":"PHP 8.0.20 Development Server","ohrm":{"version":"5.2"}} [] []
[2022-12-07T05:04:15.375428+00:00] installer.INFO: Matched route "{route}". {"route":"api_installer_migration","route_parameters":{"_controller":"OrangeHRM\\Installer\\Controller\\Installer\\Api\\MigrationAPI::handle","_route":"api_installer_migration"},"request_uri":"http://localhost:8003/installer/index.php/installer/api/installation/migration","method":"POST"} []
[2022-12-07T05:04:15.376663+00:00] installer.INFO: {"version":"4.4"} [] []
[2022-12-07T05:04:15.385648+00:00] installer.INFO: Instance details: {"os":{"os":"Windows NT","release_name":"10.0","version_info":"build 19044 (Windows 10)"},"php":{"version":"8.0.20"},"mysql":{"client_version":"mysqlnd 8.0.20","server_version":"5.7.38-log","conn_type":"localhost via TCP\/IP"},"server":"PHP 8.0.20 Development Server","ohrm":{"version":"5.2"}} [] []
[2022-12-07T05:04:19.638630+00:00] installer.INFO: Matched route "{route}". {"route":"api_installer_migration","route_parameters":{"_controller":"OrangeHRM\\Installer\\Controller\\Installer\\Api\\MigrationAPI::handle","_route":"api_installer_migration"},"request_uri":"http://localhost:8003/installer/index.php/installer/api/installation/migration","method":"POST"} []
[2022-12-07T05:04:19.643356+00:00] installer.INFO: {"version":"4.5"} [] []
[2022-12-07T05:04:19.661812+00:00] installer.INFO: Instance details: {"os":{"os":"Windows NT","release_name":"10.0","version_info":"build 19044 (Windows 10)"},"php":{"version":"8.0.20"},"mysql":{"client_version":"mysqlnd 8.0.20","server_version":"5.7.38-log","conn_type":"localhost via TCP\/IP"},"server":"PHP 8.0.20 Development Server","ohrm":{"version":"5.2"}} [] []
[2022-12-07T05:04:21.454827+00:00] installer.INFO: Matched route "{route}". {"route":"api_installer_migration","route_parameters":{"_controller":"OrangeHRM\\Installer\\Controller\\Installer\\Api\\MigrationAPI::handle","_route":"api_installer_migration"},"request_uri":"http://localhost:8003/installer/index.php/installer/api/installation/migration","method":"POST"} []
[2022-12-07T05:04:21.456675+00:00] installer.INFO: {"version":"4.6"} [] []
[2022-12-07T05:04:21.467300+00:00] installer.INFO: Instance details: {"os":{"os":"Windows NT","release_name":"10.0","version_info":"build 19044 (Windows 10)"},"php":{"version":"8.0.20"},"mysql":{"client_version":"mysqlnd 8.0.20","server_version":"5.7.38-log","conn_type":"localhost via TCP\/IP"},"server":"PHP 8.0.20 Development Server","ohrm":{"version":"5.2"}} [] []
[2022-12-07T05:04:24.768957+00:00] installer.INFO: Matched route "{route}". {"route":"api_installer_migration","route_parameters":{"_controller":"OrangeHRM\\Installer\\Controller\\Installer\\Api\\MigrationAPI::handle","_route":"api_installer_migration"},"request_uri":"http://localhost:8003/installer/index.php/installer/api/installation/migration","method":"POST"} []
[2022-12-07T05:04:24.772129+00:00] installer.INFO: {"version":"4.6.0.1"} [] []
[2022-12-07T05:04:24.806990+00:00] installer.INFO: Instance details: {"os":{"os":"Windows NT","release_name":"10.0","version_info":"build 19044 (Windows 10)"},"php":{"version":"8.0.20"},"mysql":{"client_version":"mysqlnd 8.0.20","server_version":"5.7.38-log","conn_type":"localhost via TCP\/IP"},"server":"PHP 8.0.20 Development Server","ohrm":{"version":"5.2"}} [] []
[2022-12-07T05:04:26.354650+00:00] installer.INFO: Matched route "{route}". {"route":"api_installer_migration","route_parameters":{"_controller":"OrangeHRM\\Installer\\Controller\\Installer\\Api\\MigrationAPI::handle","_route":"api_installer_migration"},"request_uri":"http://localhost:8003/installer/index.php/installer/api/installation/migration","method":"POST"} []
[2022-12-07T05:04:26.355895+00:00] installer.INFO: {"version":"4.7"} [] []
[2022-12-07T05:04:26.386013+00:00] installer.INFO: Instance details: {"os":{"os":"Windows NT","release_name":"10.0","version_info":"build 19044 (Windows 10)"},"php":{"version":"8.0.20"},"mysql":{"client_version":"mysqlnd 8.0.20","server_version":"5.7.38-log","conn_type":"localhost via TCP\/IP"},"server":"PHP 8.0.20 Development Server","ohrm":{"version":"5.2"}} [] []
[2022-12-07T05:04:27.871348+00:00] installer.INFO: Matched route "{route}". {"route":"api_installer_migration","route_parameters":{"_controller":"OrangeHRM\\Installer\\Controller\\Installer\\Api\\MigrationAPI::handle","_route":"api_installer_migration"},"request_uri":"http://localhost:8003/installer/index.php/installer/api/installation/migration","method":"POST"} []
[2022-12-07T05:04:27.874084+00:00] installer.INFO: {"version":"4.8"} [] []
[2022-12-07T05:04:27.910654+00:00] installer.INFO: Instance details: {"os":{"os":"Windows NT","release_name":"10.0","version_info":"build 19044 (Windows 10)"},"php":{"version":"8.0.20"},"mysql":{"client_version":"mysqlnd 8.0.20","server_version":"5.7.38-log","conn_type":"localhost via TCP\/IP"},"server":"PHP 8.0.20 Development Server","ohrm":{"version":"5.2"}} [] []
[2022-12-07T05:04:29.388934+00:00] installer.INFO: Matched route "{route}". {"route":"api_installer_migration","route_parameters":{"_controller":"OrangeHRM\\Installer\\Controller\\Installer\\Api\\MigrationAPI::handle","_route":"api_installer_migration"},"request_uri":"http://localhost:8003/installer/index.php/installer/api/installation/migration","method":"POST"} []
[2022-12-07T05:04:29.390045+00:00] installer.INFO: {"version":"4.9"} [] []
[2022-12-07T05:04:29.398382+00:00] installer.INFO: Instance details: {"os":{"os":"Windows NT","release_name":"10.0","version_info":"build 19044 (Windows 10)"},"php":{"version":"8.0.20"},"mysql":{"client_version":"mysqlnd 8.0.20","server_version":"5.7.38-log","conn_type":"localhost via TCP\/IP"},"server":"PHP 8.0.20 Development Server","ohrm":{"version":"5.2"}} [] []
[2022-12-07T05:04:32.769074+00:00] installer.INFO: Matched route "{route}". {"route":"api_installer_migration","route_parameters":{"_controller":"OrangeHRM\\Installer\\Controller\\Installer\\Api\\MigrationAPI::handle","_route":"api_installer_migration"},"request_uri":"http://localhost:8003/installer/index.php/installer/api/installation/migration","method":"POST"} []
[2022-12-07T05:04:32.772027+00:00] installer.INFO: {"version":"4.10"} [] []
[2022-12-07T05:04:32.786505+00:00] installer.INFO: Instance details: {"os":{"os":"Windows NT","release_name":"10.0","version_info":"build 19044 (Windows 10)"},"php":{"version":"8.0.20"},"mysql":{"client_version":"mysqlnd 8.0.20","server_version":"5.7.38-log","conn_type":"localhost via TCP\/IP"},"server":"PHP 8.0.20 Development Server","ohrm":{"version":"5.2"}} [] []
[2022-12-07T05:04:34.267288+00:00] installer.INFO: Matched route "{route}". {"route":"api_installer_migration","route_parameters":{"_controller":"OrangeHRM\\Installer\\Controller\\Installer\\Api\\MigrationAPI::handle","_route":"api_installer_migration"},"request_uri":"http://localhost:8003/installer/index.php/installer/api/installation/migration","method":"POST"} []
[2022-12-07T05:04:34.268691+00:00] installer.INFO: {"version":"4.10.1"} [] []
[2022-12-07T05:04:34.274652+00:00] installer.INFO: Instance details: {"os":{"os":"Windows NT","release_name":"10.0","version_info":"build 19044 (Windows 10)"},"php":{"version":"8.0.20"},"mysql":{"client_version":"mysqlnd 8.0.20","server_version":"5.7.38-log","conn_type":"localhost via TCP\/IP"},"server":"PHP 8.0.20 Development Server","ohrm":{"version":"5.2"}} [] []
[2022-12-07T05:04:35.797415+00:00] installer.INFO: Matched route "{route}". {"route":"api_installer_migration","route_parameters":{"_controller":"OrangeHRM\\Installer\\Controller\\Installer\\Api\\MigrationAPI::handle","_route":"api_installer_migration"},"request_uri":"http://localhost:8003/installer/index.php/installer/api/installation/migration","method":"POST"} []
[2022-12-07T05:04:35.801703+00:00] installer.INFO: {"version":"5.0"} [] []
[2022-12-07T05:04:35.825154+00:00] installer.INFO: Instance details: {"os":{"os":"Windows NT","release_name":"10.0","version_info":"build 19044 (Windows 10)"},"php":{"version":"8.0.20"},"mysql":{"client_version":"mysqlnd 8.0.20","server_version":"5.7.38-log","conn_type":"localhost via TCP\/IP"},"server":"PHP 8.0.20 Development Server","ohrm":{"version":"5.2"}} [] []
[2022-12-07T05:05:23.265206+00:00] installer.INFO: Matched route "{route}". {"route":"api_installer_migration","route_parameters":{"_controller":"OrangeHRM\\Installer\\Controller\\Installer\\Api\\MigrationAPI::handle","_route":"api_installer_migration"},"request_uri":"http://localhost:8003/installer/index.php/installer/api/installation/migration","method":"POST"} []
[2022-12-07T05:05:23.268639+00:00] installer.INFO: {"version":"5.1"} [] []
[2022-12-07T05:05:23.286798+00:00] installer.INFO: Instance details: {"os":{"os":"Windows NT","release_name":"10.0","version_info":"build 19044 (Windows 10)"},"php":{"version":"8.0.20"},"mysql":{"client_version":"mysqlnd 8.0.20","server_version":"5.7.38-log","conn_type":"localhost via TCP\/IP"},"server":"PHP 8.0.20 Development Server","ohrm":{"version":"5.2"}} [] []
[2022-12-07T05:05:35.302467+00:00] installer.INFO: Matched route "{route}". {"route":"api_installer_migration","route_parameters":{"_controller":"OrangeHRM\\Installer\\Controller\\Installer\\Api\\MigrationAPI::handle","_route":"api_installer_migration"},"request_uri":"http://localhost:8003/installer/index.php/installer/api/installation/migration","method":"POST"} []
[2022-12-07T05:05:35.311609+00:00] installer.INFO: {"version":"5.2"} [] []
[2022-12-07T05:05:35.348308+00:00] installer.INFO: Instance details: {"os":{"os":"Windows NT","release_name":"10.0","version_info":"build 19044 (Windows 10)"},"php":{"version":"8.0.20"},"mysql":{"client_version":"mysqlnd 8.0.20","server_version":"5.7.38-log","conn_type":"localhost via TCP\/IP"},"server":"PHP 8.0.20 Development Server","ohrm":{"version":"5.2"}} [] []
[2022-12-07T05:05:44.915603+00:00] installer.INFO: Deleting invalid config values [] []
[2022-12-07T05:05:46.422084+00:00] installer.INFO: Deleting: `https://opensourcehelp.orangehrm.com` => `` from `hs_hr_config` [] []
[2022-12-07T05:05:47.897178+00:00] installer.INFO: Deleting: `ZendeskHelpProcessor` => `` from `hs_hr_config` [] []
[2022-12-07T05:05:47.897615+00:00] installer.INFO: Deleting legacy config values [] []
[2022-12-07T05:05:49.317828+00:00] installer.INFO: Deleting: `ldap_domain_name` => `` from `hs_hr_config` [] []
[2022-12-07T05:05:50.742606+00:00] installer.INFO: Deleting: `ldap_port` => `` from `hs_hr_config` [] []
[2022-12-07T05:05:52.158254+00:00] installer.INFO: Deleting: `ldap_server` => `` from `hs_hr_config` [] []
[2022-12-07T05:05:53.600087+00:00] installer.INFO: Deleting: `ldap_status` => `` from `hs_hr_config` [] []
[2022-12-07T05:05:55.057194+00:00] installer.INFO: Deleting: `beacon.activation_acceptance_status` => `off` from `hs_hr_config` [] []
[2022-12-07T05:05:56.468346+00:00] installer.INFO: Deleting: `beacon.activiation_status` => `off` from `hs_hr_config` [] []
[2022-12-07T05:05:57.906394+00:00] installer.INFO: Deleting: `beacon.company_name` => `` from `hs_hr_config` [] []
[2022-12-07T05:05:59.322295+00:00] installer.INFO: Deleting: `beacon.flash_period` => `120` from `hs_hr_config` [] []
[2022-12-07T05:06:00.830436+00:00] installer.INFO: Deleting: `beacon.lock` => `unlocked` from `hs_hr_config` [] []
[2022-12-07T05:06:02.342908+00:00] installer.INFO: Deleting: `beacon.next_flash_time` => `0000-00-00` from `hs_hr_config` [] []
[2022-12-07T05:06:03.771085+00:00] installer.INFO: Deleting: `beacon.uuid` => `0` from `hs_hr_config` [] []
[2022-12-07T05:06:05.195548+00:00] installer.INFO: Deleting: `showSIN` => `0` from `hs_hr_config` [] []
[2022-12-07T05:06:06.604338+00:00] installer.INFO: Deleting: `showSSN` => `0` from `hs_hr_config` [] []
[2022-12-07T05:06:08.222952+00:00] installer.INFO: Deleting: `showTaxExemptions` => `0` from `hs_hr_config` [] []
[2022-12-07T05:06:09.652348+00:00] installer.INFO: Deleting: `report.mysql_group_concat_max_len` => `2048` from `hs_hr_config` [] []
[2022-12-07T05:06:11.111082+00:00] installer.INFO: Deleting: `attendanceEmpEditSubmitted` => `No` from `hs_hr_config` [] []
[2022-12-07T05:06:12.538598+00:00] installer.INFO: Deleting: `attendanceSupEditSubmitted` => `No` from `hs_hr_config` [] []
[2022-12-07T05:06:13.976337+00:00] installer.INFO: Deleting: `hsp_accrued_last_updated` => `0000-00-00` from `hs_hr_config` [] []
[2022-12-07T05:06:15.447344+00:00] installer.INFO: Deleting: `hsp_current_plan` => `0` from `hs_hr_config` [] []
[2022-12-07T05:06:16.877439+00:00] installer.INFO: Deleting: `hsp_used_last_updated` => `0000-00-00` from `hs_hr_config` [] []
[2022-12-07T05:06:18.422341+00:00] installer.INFO: Matched route "{route}". {"route":"api_installer_instance_creation","route_parameters":{"_controller":"OrangeHRM\\Installer\\Controller\\Installer\\Api\\InstallationInstanceAPI::handle","_route":"api_installer_instance_creation"},"request_uri":"http://localhost:8003/installer/index.php/installer/api/installation/instance","method":"POST"} []
[2022-12-07T05:06:18.442866+00:00] installer.INFO: Instance details: {"os":{"os":"Windows NT","release_name":"10.0","version_info":"build 19044 (Windows 10)"},"php":{"version":"8.0.20"},"mysql":{"client_version":"mysqlnd 8.0.20","server_version":"5.7.38-log","conn_type":"localhost via TCP\/IP"},"server":"PHP 8.0.20 Development Server","ohrm":{"version":"5.2"}} [] []
[2022-12-07T05:06:24.794647+00:00] installer.INFO: Matched route "{route}". {"route":"api_installer_database_user","route_parameters":{"_controller":"OrangeHRM\\Installer\\Controller\\Installer\\Api\\InstallationDatabaseUserAPI::handle","_route":"api_installer_database_user"},"request_uri":"http://localhost:8003/installer/index.php/installer/api/installation/database-user","method":"POST"} []
[2022-12-07T05:06:24.842744+00:00] installer.INFO: Matched route "{route}". {"route":"api_installer_write_config","route_parameters":{"_controller":"OrangeHRM\\Installer\\Controller\\Installer\\Api\\ConfigFileAPI::handle","_route":"api_installer_write_config"},"request_uri":"http://localhost:8003/installer/index.php/installer/api/installation/config-file","method":"POST"} []
[2022-12-07T05:06:24.902639+00:00] installer.INFO: Instance details: {"os":{"os":"Windows NT","release_name":"10.0","version_info":"build 19044 (Windows 10)"},"php":{"version":"8.0.20"},"mysql":{"client_version":"mysqlnd 8.0.20","server_version":"5.7.38-log","conn_type":"localhost via TCP\/IP"},"server":"PHP 8.0.20 Development Server","ohrm":{"version":"5.2"}} [] []
[2022-12-07T05:07:40.170961+00:00] installer.INFO: Matched route "{route}". {"route":"installer_complete","route_parameters":{"_controller":"OrangeHRM\\Installer\\Controller\\Installer\\InstallerCompleteController::handle","_route":"installer_complete"},"request_uri":"http://localhost:8003/installer/index.php/installer/complete","method":"GET"} []
[2022-12-07T05:07:40.188688+00:00] installer.INFO: OrangeHRM 5.2 status: true [] []
[2022-12-07T05:07:44.401630+00:00] installer.INFO: Matched route "{route}". {"route":"installer_home","route_parameters":{"_controller":"OrangeHRM\\Installer\\Controller\\HomeController::handle","_route":"installer_home"},"request_uri":"http://localhost:8003/installer/index.php/","method":"GET"} []
